2025-05-23 11:23:04.051 [info] [main] Log level: Info
2025-05-23 11:23:04.051 [info] [main] Validating found git in: "git"
2025-05-23 11:23:04.051 [info] [main] Using git "2.49.0" from "git"
2025-05-23 11:23:04.051 [info] [Model][doInitialScan] Initial repository scan started
2025-05-23 11:23:04.051 [info] > git rev-parse --show-toplevel [3ms]
2025-05-23 11:23:04.051 [info] > git rev-parse --git-dir --git-common-dir [2ms]
2025-05-23 11:23:04.051 [info] [Model][openRepository] Opened repository: /home/mducrocq/repository/mviewer_hdf/mviewer
2025-05-23 11:23:04.052 [info] > git config --get commit.template [1ms]
2025-05-23 11:23:04.057 [info] > git for-each-ref --format=%(refname)%00%(upstream:short)%00%(objectname)%00%(upstream:track)%00%(upstream:remotename)%00%(upstream:remoteref) refs/heads/dev refs/remotes/dev [2ms]
2025-05-23 11:23:04.089 [info] > git status -z -uall [6ms]
2025-05-23 11:23:04.091 [info] > git for-each-ref --sort -committerdate --format %(refname) %(objectname) %(*objectname) [2ms]
2025-05-23 11:23:04.116 [info] > git for-each-ref --format=%(refname)%00%(upstream:short)%00%(objectname)%00%(upstream:track)%00%(upstream:remotename)%00%(upstream:remoteref) refs/heads/dev refs/remotes/dev [11ms]
2025-05-23 11:23:04.126 [info] > git config --get --local branch.dev.vscode-merge-base [5ms]
2025-05-23 11:23:04.134 [info] > git config --get commit.template [21ms]
2025-05-23 11:23:04.136 [info] > git for-each-ref --format=%(refname)%00%(upstream:short)%00%(objectname)%00%(upstream:track)%00%(upstream:remotename)%00%(upstream:remoteref) refs/heads/origin/master refs/remotes/origin/master [3ms]
2025-05-23 11:23:04.160 [info] > git merge-base refs/heads/dev refs/remotes/origin/dev [17ms]
2025-05-23 11:23:04.164 [info] > git for-each-ref --format=%(refname)%00%(upstream:short)%00%(objectname)%00%(upstream:track)%00%(upstream:remotename)%00%(upstream:remoteref) refs/heads/dev refs/remotes/dev [4ms]
2025-05-23 11:23:04.173 [info] > git diff --name-status -z --diff-filter=ADMR bec2982d77d1e14e157b6e6a3398b73b6972d6f5...refs/remotes/origin/dev [10ms]
2025-05-23 11:23:04.174 [info] > git for-each-ref --sort -committerdate --format %(refname) %(objectname) %(*objectname) [1ms]
2025-05-23 11:23:04.175 [info] > git status -z -uall [7ms]
2025-05-23 11:23:04.187 [info] > git rev-parse --show-toplevel [2ms]
2025-05-23 11:23:04.204 [info] > git rev-parse --show-toplevel [3ms]
2025-05-23 11:23:04.217 [info] > git rev-parse --show-toplevel [3ms]
2025-05-23 11:23:04.226 [info] > git rev-parse --show-toplevel [1ms]
2025-05-23 11:23:04.234 [info] > git rev-parse --show-toplevel [1ms]
2025-05-23 11:23:04.240 [info] > git rev-parse --show-toplevel [1ms]
2025-05-23 11:23:04.244 [info] > git rev-parse --show-toplevel [1ms]
2025-05-23 11:23:04.249 [info] > git rev-parse --show-toplevel [1ms]
2025-05-23 11:23:04.253 [info] > git rev-parse --show-toplevel [1ms]
2025-05-23 11:23:04.258 [info] > git rev-parse --show-toplevel [1ms]
2025-05-23 11:23:04.265 [info] > git rev-parse --show-toplevel [2ms]
2025-05-23 11:23:04.271 [info] > git rev-parse --show-toplevel [1ms]
2025-05-23 11:23:04.299 [info] > git rev-parse --show-toplevel [22ms]
2025-05-23 11:23:04.310 [info] > git rev-parse --show-toplevel [3ms]
2025-05-23 11:23:04.321 [info] > git rev-parse --show-toplevel [2ms]
2025-05-23 11:23:04.333 [info] > git rev-parse --show-toplevel [2ms]
2025-05-23 11:23:04.344 [info] > git rev-parse --show-toplevel [3ms]
2025-05-23 11:23:04.356 [info] > git rev-parse --show-toplevel [6ms]
2025-05-23 11:23:04.361 [info] > git rev-parse --show-toplevel [1ms]
2025-05-23 11:23:04.365 [info] > git rev-parse --show-toplevel [0ms]
2025-05-23 11:23:04.369 [info] > git rev-parse --show-toplevel [0ms]
2025-05-23 11:23:04.374 [info] > git rev-parse --show-toplevel [1ms]
2025-05-23 11:23:04.379 [info] > git rev-parse --show-toplevel [1ms]
2025-05-23 11:23:04.383 [info] > git rev-parse --show-toplevel [1ms]
2025-05-23 11:23:04.387 [info] > git rev-parse --show-toplevel [1ms]
2025-05-23 11:23:04.393 [info] > git rev-parse --show-toplevel [2ms]
2025-05-23 11:23:04.397 [info] > git rev-parse --show-toplevel [1ms]
2025-05-23 11:23:04.402 [info] > git rev-parse --show-toplevel [1ms]
2025-05-23 11:23:04.409 [info] > git rev-parse --show-toplevel [1ms]
2025-05-23 11:23:04.415 [info] [Model][doInitialScan] Initial repository scan completed - repositories (1), closed repositories (0), parent repositories (0), unsafe repositories (0)
2025-05-23 11:23:04.560 [info] > git check-ignore -v -z --stdin [5ms]
2025-05-23 11:23:06.266 [info] > git check-ignore -v -z --stdin [6ms]
2025-05-23 11:23:07.021 [info] > git config --get commit.template [5ms]
2025-05-23 11:23:07.035 [info] > git for-each-ref --format=%(refname)%00%(upstream:short)%00%(objectname)%00%(upstream:track)%00%(upstream:remotename)%00%(upstream:remoteref) refs/heads/dev refs/remotes/dev [4ms]
2025-05-23 11:23:07.059 [info] > git for-each-ref --sort -committerdate --format %(refname) %(objectname) %(*objectname) [3ms]
2025-05-23 11:23:07.067 [info] > git status -z -uall [22ms]
2025-05-23 11:23:10.211 [info] > git check-ignore -v -z --stdin [4ms]
2025-05-23 11:23:11.417 [info] > git check-ignore -v -z --stdin [3ms]
2025-05-23 11:23:12.096 [info] > git config --get commit.template [12ms]
2025-05-23 11:23:12.097 [info] > git for-each-ref --format=%(refname)%00%(upstream:short)%00%(objectname)%00%(upstream:track)%00%(upstream:remotename)%00%(upstream:remoteref) refs/heads/dev refs/remotes/dev [2ms]
2025-05-23 11:23:12.117 [info] > git for-each-ref --sort -committerdate --format %(refname) %(objectname) %(*objectname) [3ms]
2025-05-23 11:23:12.120 [info] > git status -z -uall [16ms]
2025-05-23 11:23:17.139 [info] > git config --get commit.template [6ms]
2025-05-23 11:23:17.140 [info] > git for-each-ref --format=%(refname)%00%(upstream:short)%00%(objectname)%00%(upstream:track)%00%(upstream:remotename)%00%(upstream:remoteref) refs/heads/dev refs/remotes/dev [2ms]
2025-05-23 11:23:17.156 [info] > git for-each-ref --sort -committerdate --format %(refname) %(objectname) %(*objectname) [3ms]
2025-05-23 11:23:17.157 [info] > git status -z -uall [11ms]
2025-05-23 11:23:23.309 [info] > git config --get commit.template [7ms]
2025-05-23 11:23:23.310 [info] > git for-each-ref --format=%(refname)%00%(upstream:short)%00%(objectname)%00%(upstream:track)%00%(upstream:remotename)%00%(upstream:remoteref) refs/heads/dev refs/remotes/dev [2ms]
2025-05-23 11:23:23.327 [info] > git for-each-ref --sort -committerdate --format %(refname) %(objectname) %(*objectname) [2ms]
2025-05-23 11:23:23.329 [info] > git status -z -uall [12ms]
2025-05-23 11:23:28.349 [info] > git config --get commit.template [7ms]
2025-05-23 11:23:28.350 [info] > git for-each-ref --format=%(refname)%00%(upstream:short)%00%(objectname)%00%(upstream:track)%00%(upstream:remotename)%00%(upstream:remoteref) refs/heads/dev refs/remotes/dev [2ms]
2025-05-23 11:23:28.365 [info] > git for-each-ref --sort -committerdate --format %(refname) %(objectname) %(*objectname) [2ms]
2025-05-23 11:23:28.369 [info] > git status -z -uall [13ms]
2025-05-23 11:23:33.397 [info] > git config --get commit.template [11ms]
2025-05-23 11:23:33.400 [info] > git for-each-ref --format=%(refname)%00%(upstream:short)%00%(objectname)%00%(upstream:track)%00%(upstream:remotename)%00%(upstream:remoteref) refs/heads/dev refs/remotes/dev [3ms]
2025-05-23 11:23:33.418 [info] > git for-each-ref --sort -committerdate --format %(refname) %(objectname) %(*objectname) [2ms]
2025-05-23 11:23:33.420 [info] > git status -z -uall [13ms]
2025-05-23 11:23:38.440 [info] > git config --get commit.template [7ms]
2025-05-23 11:23:38.441 [info] > git for-each-ref --format=%(refname)%00%(upstream:short)%00%(objectname)%00%(upstream:track)%00%(upstream:remotename)%00%(upstream:remoteref) refs/heads/dev refs/remotes/dev [2ms]
2025-05-23 11:23:38.456 [info] > git for-each-ref --sort -committerdate --format %(refname) %(objectname) %(*objectname) [2ms]
2025-05-23 11:23:38.458 [info] > git status -z -uall [11ms]
2025-05-23 11:23:43.794 [info] > git config --get commit.template [10ms]
2025-05-23 11:23:43.796 [info] > git for-each-ref --format=%(refname)%00%(upstream:short)%00%(objectname)%00%(upstream:track)%00%(upstream:remotename)%00%(upstream:remoteref) refs/heads/dev refs/remotes/dev [4ms]
2025-05-23 11:23:43.820 [info] > git for-each-ref --sort -committerdate --format %(refname) %(objectname) %(*objectname) [3ms]
2025-05-23 11:23:43.821 [info] > git status -z -uall [14ms]
2025-05-23 11:23:48.859 [info] > git config --get commit.template [12ms]
2025-05-23 11:23:48.860 [info] > git for-each-ref --format=%(refname)%00%(upstream:short)%00%(objectname)%00%(upstream:track)%00%(upstream:remotename)%00%(upstream:remoteref) refs/heads/dev refs/remotes/dev [2ms]
2025-05-23 11:23:48.882 [info] > git status -z -uall [12ms]
2025-05-23 11:23:48.883 [info] > git for-each-ref --sort -committerdate --format %(refname) %(objectname) %(*objectname) [3ms]
2025-05-23 11:23:53.912 [info] > git config --get commit.template [10ms]
2025-05-23 11:23:53.914 [info] > git for-each-ref --format=%(refname)%00%(upstream:short)%00%(objectname)%00%(upstream:track)%00%(upstream:remotename)%00%(upstream:remoteref) refs/heads/dev refs/remotes/dev [3ms]
2025-05-23 11:23:53.941 [info] > git for-each-ref --sort -committerdate --format %(refname) %(objectname) %(*objectname) [4ms]
2025-05-23 11:23:53.946 [info] > git status -z -uall [21ms]
2025-05-23 11:24:11.327 [info] > git config --get commit.template [4ms]
2025-05-23 11:24:11.345 [info] > git for-each-ref --format=%(refname)%00%(upstream:short)%00%(objectname)%00%(upstream:track)%00%(upstream:remotename)%00%(upstream:remoteref) refs/heads/dev refs/remotes/dev [5ms]
2025-05-23 11:24:11.381 [info] > git for-each-ref --sort -committerdate --format %(refname) %(objectname) %(*objectname) [6ms]
2025-05-23 11:24:11.385 [info] > git status -z -uall [25ms]
2025-05-23 11:24:16.414 [info] > git config --get commit.template [8ms]
2025-05-23 11:24:16.415 [info] > git for-each-ref --format=%(refname)%00%(upstream:short)%00%(objectname)%00%(upstream:track)%00%(upstream:remotename)%00%(upstream:remoteref) refs/heads/dev refs/remotes/dev [2ms]
2025-05-23 11:24:16.431 [info] > git for-each-ref --sort -committerdate --format %(refname) %(objectname) %(*objectname) [3ms]
2025-05-23 11:24:16.432 [info] > git status -z -uall [11ms]
2025-05-23 11:24:59.783 [info] > git check-ignore -v -z --stdin [6ms]
2025-05-23 11:25:00.608 [info] > git config --get commit.template [3ms]
2025-05-23 11:25:00.624 [info] > git for-each-ref --format=%(refname)%00%(upstream:short)%00%(objectname)%00%(upstream:track)%00%(upstream:remotename)%00%(upstream:remoteref) refs/heads/dev refs/remotes/dev [4ms]
2025-05-23 11:25:00.643 [info] > git for-each-ref --sort -committerdate --format %(refname) %(objectname) %(*objectname) [2ms]
2025-05-23 11:25:00.650 [info] > git status -z -uall [17ms]
