2025-05-23 11:23:00.171 [info] Reading sessions from keychain...
2025-05-23 11:23:00.171 [info] Getting sessions for all scopes...
2025-05-23 11:23:00.171 [info] Getting sessions for all scopes...
2025-05-23 11:23:00.171 [info] Getting sessions for all scopes...
2025-05-23 11:23:00.188 [info] Got 0 sessions for ...
2025-05-23 11:23:00.188 [info] Got 0 sessions for ...
2025-05-23 11:23:00.188 [info] Got 0 sessions for ...
2025-05-23 11:23:00.191 [info] Getting sessions for all scopes...
2025-05-23 11:23:00.191 [info] Got 0 sessions for ...
2025-05-23 11:23:00.191 [info] Getting sessions for all scopes...
2025-05-23 11:23:00.191 [info] Got 0 sessions for ...
2025-05-23 11:23:00.192 [info] Getting sessions for all scopes...
2025-05-23 11:23:00.192 [info] Got 0 sessions for ...
2025-05-23 11:23:00.192 [info] Getting sessions for all scopes...
2025-05-23 11:23:00.192 [info] Got 0 sessions for ...
2025-05-23 11:23:00.192 [info] Getting sessions for all scopes...
2025-05-23 11:23:00.192 [info] Got 0 sessions for ...
2025-05-23 11:23:02.068 [info] Getting sessions for all scopes...
2025-05-23 11:23:02.068 [info] Got 0 sessions for ...
2025-05-23 11:23:04.155 [info] Getting sessions for read:user,repo,user:email,workflow...
2025-05-23 11:23:04.155 [info] Got 0 sessions for read:user,repo,user:email,workflow...
